<?xml version="1.0" encoding="UTF-8"?>
<coverage generated="1774058626731" clover="3.2.0">
  <project timestamp="1774058626732" name="All files">
    <metrics statements="41" coveredstatements="41" conditionals="40" coveredconditionals="40" methods="5" coveredmethods="5" elements="86" coveredelements="86" complexity="0" loc="41" ncloc="41" packages="1" files="1" classes="1"/>
    <file name="llm-utils.ts" path="C:\Users\felip\Documents\source\flux-board\flux-board\lib\llm-utils.ts">
      <metrics statements="41" coveredstatements="41" conditionals="40" coveredconditionals="40" methods="5" coveredmethods="5"/>
      <line num="31" count="20" type="cond" truecount="2" falsecount="0"/>
      <line num="32" count="19" type="cond" truecount="2" falsecount="0"/>
      <line num="33" count="17" type="cond" truecount="2" falsecount="0"/>
      <line num="34" count="16" type="stmt"/>
      <line num="35" count="16" type="cond" truecount="2" falsecount="0"/>
      <line num="36" count="7" type="cond" truecount="2" falsecount="0"/>
      <line num="37" count="5" type="cond" truecount="2" falsecount="0"/>
      <line num="38" count="3" type="stmt"/>
      <line num="40" count="2" type="stmt"/>
      <line num="48" count="17" type="cond" truecount="2" falsecount="0"/>
      <line num="49" count="15" type="cond" truecount="2" falsecount="0"/>
      <line num="50" count="10" type="cond" truecount="2" falsecount="0"/>
      <line num="51" count="8" type="stmt"/>
      <line num="53" count="2" type="stmt"/>
      <line num="60" count="10" type="cond" truecount="2" falsecount="0"/>
      <line num="61" count="10" type="cond" truecount="2" falsecount="0"/>
      <line num="62" count="7" type="stmt"/>
      <line num="63" count="7" type="stmt"/>
      <line num="64" count="7" type="stmt"/>
      <line num="65" count="7" type="cond" truecount="4" falsecount="0"/>
      <line num="66" count="10" type="stmt"/>
      <line num="67" count="10" type="stmt"/>
      <line num="69" count="2" type="stmt"/>
      <line num="80" count="11" type="cond" truecount="2" falsecount="0"/>
      <line num="81" count="11" type="cond" truecount="5" falsecount="0"/>
      <line num="82" count="2" type="stmt"/>
      <line num="84" count="9" type="cond" truecount="3" falsecount="0"/>
      <line num="85" count="11" type="stmt"/>
      <line num="86" count="11" type="stmt"/>
      <line num="87" count="11" type="stmt"/>
      <line num="95" count="7" type="stmt"/>
      <line num="96" count="7" type="cond" truecount="2" falsecount="0"/>
      <line num="97" count="2" type="stmt"/>
      <line num="98" count="2" type="stmt"/>
      <line num="101" count="5" type="stmt"/>
      <line num="102" count="5" type="stmt"/>
      <line num="104" count="1" type="stmt"/>
      <line num="106" count="4" type="stmt"/>
      <line num="108" count="11" type="stmt"/>
      <line num="109" count="11" type="stmt"/>
      <line num="111" count="2" type="cond" truecount="2" falsecount="0"/>
    </file>
  </project>
</coverage>
