<?xml version="1.0" encoding="UTF-8"?>
<coverage generated="1774221561454" clover="3.2.0">
  <project timestamp="1774221561454" name="All files">
    <metrics statements="116" coveredstatements="115" conditionals="106" coveredconditionals="101" methods="20" coveredmethods="20" elements="242" coveredelements="236" complexity="0" loc="116" ncloc="116" packages="1" files="6" classes="6"/>
    <file name="cors-allowlist.ts" path="C:\Users\felip\Documents\source\flux-board\flux-board\lib\cors-allowlist.ts">
      <metrics statements="23" coveredstatements="23" conditionals="21" coveredconditionals="20" methods="5" coveredmethods="5"/>
      <line num="8" count="5" type="cond" truecount="2" falsecount="0"/>
      <line num="9" count="1" type="stmt"/>
      <line num="11" count="4" type="stmt"/>
      <line num="16" count="5" type="stmt"/>
      <line num="17" count="5" type="stmt"/>
      <line num="18" count="5" type="cond" truecount="2" falsecount="0"/>
      <line num="19" count="5" type="stmt"/>
      <line num="20" count="5" type="cond" truecount="2" falsecount="0"/>
      <line num="21" count="5" type="stmt"/>
      <line num="22" count="2" type="stmt"/>
      <line num="24" count="5" type="stmt"/>
      <line num="25" count="5" type="cond" truecount="2" falsecount="0"/>
      <line num="30" count="1" type="stmt"/>
      <line num="32" count="4" type="stmt"/>
      <line num="40" count="6" type="cond" truecount="2" falsecount="0"/>
      <line num="41" count="1" type="stmt"/>
      <line num="48" count="5" type="stmt"/>
      <line num="49" count="5" type="stmt"/>
      <line num="51" count="6" type="cond" truecount="4" falsecount="0"/>
      <line num="57" count="6" type="stmt"/>
      <line num="63" count="6" type="cond" truecount="2" falsecount="0"/>
      <line num="64" count="5" type="stmt"/>
      <line num="67" count="5" type="stmt"/>
    </file>
    <file name="cron-secret.ts" path="C:\Users\felip\Documents\source\flux-board\flux-board\lib\cron-secret.ts">
      <metrics statements="14" coveredstatements="14" conditionals="12" coveredconditionals="11" methods="6" coveredmethods="6"/>
      <line num="1" count="1" type="stmt"/>
      <line num="5" count="2" type="cond" truecount="2" falsecount="0"/>
      <line num="9" count="3" type="stmt"/>
      <line num="10" count="3" type="stmt"/>
      <line num="11" count="3" type="cond" truecount="1" falsecount="1"/>
      <line num="12" count="3" type="stmt"/>
      <line num="22" count="6" type="cond" truecount="2" falsecount="0"/>
      <line num="23" count="7" type="stmt"/>
      <line num="24" count="6" type="stmt"/>
      <line num="26" count="6" type="cond" truecount="2" falsecount="0"/>
      <line num="27" count="2" type="cond" truecount="2" falsecount="0"/>
      <line num="28" count="1" type="stmt"/>
      <line num="31" count="4" type="cond" truecount="2" falsecount="0"/>
      <line num="32" count="3" type="stmt"/>
    </file>
    <file name="env-validate.ts" path="C:\Users\felip\Documents\source\flux-board\flux-board\lib\env-validate.ts">
      <metrics statements="13" coveredstatements="13" conditionals="14" coveredconditionals="13" methods="1" coveredmethods="1"/>
      <line num="3" count="5" type="stmt"/>
      <line num="10" count="6" type="cond" truecount="2" falsecount="0"/>
      <line num="11" count="5" type="stmt"/>
      <line num="13" count="5" type="stmt"/>
      <line num="15" count="5" type="cond" truecount="2" falsecount="0"/>
      <line num="16" count="3" type="stmt"/>
      <line num="17" count="3" type="cond" truecount="2" falsecount="0"/>
      <line num="18" count="1" type="stmt"/>
      <line num="21" count="3" type="cond" truecount="2" falsecount="0"/>
      <line num="23" count="3" type="cond" truecount="2" falsecount="0"/>
      <line num="24" count="1" type="stmt"/>
      <line num="28" count="3" type="cond" truecount="2" falsecount="0"/>
      <line num="29" count="1" type="stmt"/>
    </file>
    <file name="jwt-secret.ts" path="C:\Users\felip\Documents\source\flux-board\flux-board\lib\jwt-secret.ts">
      <metrics statements="9" coveredstatements="9" conditionals="6" coveredconditionals="5" methods="2" coveredmethods="2"/>
      <line num="1" count="11" type="stmt"/>
      <line num="3" count="11" type="stmt"/>
      <line num="9" count="9" type="cond" truecount="1" falsecount="1"/>
      <line num="10" count="9" type="stmt"/>
      <line num="11" count="9" type="cond" truecount="4" falsecount="0"/>
      <line num="12" count="2" type="stmt"/>
      <line num="16" count="7" type="stmt"/>
      <line num="17" count="7" type="stmt"/>
      <line num="21" count="6" type="stmt"/>
    </file>
    <file name="llm-utils.ts" path="C:\Users\felip\Documents\source\flux-board\flux-board\lib\llm-utils.ts">
      <metrics statements="41" coveredstatements="41" conditionals="40" coveredconditionals="40" methods="5" coveredmethods="5"/>
      <line num="31" count="20" type="cond" truecount="2" falsecount="0"/>
      <line num="32" count="19" type="cond" truecount="2" falsecount="0"/>
      <line num="33" count="17" type="cond" truecount="2" falsecount="0"/>
      <line num="34" count="16" type="stmt"/>
      <line num="35" count="16" type="cond" truecount="2" falsecount="0"/>
      <line num="36" count="7" type="cond" truecount="2" falsecount="0"/>
      <line num="37" count="5" type="cond" truecount="2" falsecount="0"/>
      <line num="38" count="3" type="stmt"/>
      <line num="40" count="2" type="stmt"/>
      <line num="48" count="17" type="cond" truecount="2" falsecount="0"/>
      <line num="49" count="15" type="cond" truecount="2" falsecount="0"/>
      <line num="50" count="10" type="cond" truecount="2" falsecount="0"/>
      <line num="51" count="8" type="stmt"/>
      <line num="53" count="2" type="stmt"/>
      <line num="60" count="10" type="cond" truecount="2" falsecount="0"/>
      <line num="61" count="10" type="cond" truecount="2" falsecount="0"/>
      <line num="62" count="7" type="stmt"/>
      <line num="63" count="7" type="stmt"/>
      <line num="64" count="7" type="stmt"/>
      <line num="65" count="7" type="cond" truecount="4" falsecount="0"/>
      <line num="66" count="10" type="stmt"/>
      <line num="67" count="10" type="stmt"/>
      <line num="69" count="2" type="stmt"/>
      <line num="80" count="11" type="cond" truecount="2" falsecount="0"/>
      <line num="81" count="11" type="cond" truecount="5" falsecount="0"/>
      <line num="82" count="2" type="stmt"/>
      <line num="84" count="9" type="cond" truecount="3" falsecount="0"/>
      <line num="85" count="11" type="stmt"/>
      <line num="86" count="11" type="stmt"/>
      <line num="87" count="11" type="stmt"/>
      <line num="95" count="7" type="stmt"/>
      <line num="96" count="7" type="cond" truecount="2" falsecount="0"/>
      <line num="97" count="2" type="stmt"/>
      <line num="98" count="2" type="stmt"/>
      <line num="101" count="5" type="stmt"/>
      <line num="102" count="5" type="stmt"/>
      <line num="104" count="1" type="stmt"/>
      <line num="106" count="4" type="stmt"/>
      <line num="108" count="11" type="stmt"/>
      <line num="109" count="11" type="stmt"/>
      <line num="111" count="2" type="cond" truecount="2" falsecount="0"/>
    </file>
    <file name="slack-request-verify.ts" path="C:\Users\felip\Documents\source\flux-board\flux-board\lib\slack-request-verify.ts">
      <metrics statements="16" coveredstatements="15" conditionals="13" coveredconditionals="12" methods="1" coveredmethods="1"/>
      <line num="1" count="4" type="stmt"/>
      <line num="3" count="4" type="stmt"/>
      <line num="19" count="6" type="cond" truecount="1" falsecount="0"/>
      <line num="20" count="6" type="cond" truecount="4" falsecount="0"/>
      <line num="21" count="5" type="stmt"/>
      <line num="22" count="5" type="cond" truecount="3" falsecount="1"/>
      <line num="23" count="5" type="stmt"/>
      <line num="24" count="5" type="cond" truecount="2" falsecount="0"/>
      <line num="26" count="4" type="stmt"/>
      <line num="27" count="4" type="stmt"/>
      <line num="28" count="4" type="stmt"/>
      <line num="29" count="4" type="stmt"/>
      <line num="30" count="4" type="stmt"/>
      <line num="31" count="4" type="stmt"/>
      <line num="32" count="4" type="cond" truecount="2" falsecount="0"/>
      <line num="34" count="0" type="stmt"/>
    </file>
  </project>
</coverage>
