{"C:\\Users\\felip\\Documents\\source\\flux-board\\flux-board\\lib\\llm-utils.ts": {"path":"C:\\Users\\felip\\Documents\\source\\flux-board\\flux-board\\lib\\llm-utils.ts","statementMap":{"0":{"start":{"line":31,"column":2},"end":{"line":31,"column":null}},"1":{"start":{"line":31,"column":20},"end":{"line":31,"column":null}},"2":{"start":{"line":32,"column":2},"end":{"line":32,"column":null}},"3":{"start":{"line":32,"column":32},"end":{"line":32,"column":null}},"4":{"start":{"line":33,"column":2},"end":{"line":33,"column":null}},"5":{"start":{"line":33,"column":32},"end":{"line":33,"column":null}},"6":{"start":{"line":34,"column":12},"end":{"line":34,"column":null}},"7":{"start":{"line":35,"column":2},"end":{"line":35,"column":null}},"8":{"start":{"line":35,"column":34},"end":{"line":35,"column":null}},"9":{"start":{"line":36,"column":2},"end":{"line":36,"column":null}},"10":{"start":{"line":36,"column":37},"end":{"line":36,"column":null}},"11":{"start":{"line":37,"column":2},"end":{"line":38,"column":null}},"12":{"start":{"line":38,"column":4},"end":{"line":38,"column":null}},"13":{"start":{"line":40,"column":2},"end":{"line":40,"column":null}},"14":{"start":{"line":48,"column":2},"end":{"line":48,"column":null}},"15":{"start":{"line":48,"column":23},"end":{"line":48,"column":null}},"16":{"start":{"line":49,"column":2},"end":{"line":49,"column":null}},"17":{"start":{"line":49,"column":35},"end":{"line":49,"column":null}},"18":{"start":{"line":50,"column":2},"end":{"line":51,"column":null}},"19":{"start":{"line":51,"column":4},"end":{"line":51,"column":null}},"20":{"start":{"line":53,"column":2},"end":{"line":53,"column":null}},"21":{"start":{"line":60,"column":12},"end":{"line":60,"column":36}},"22":{"start":{"line":61,"column":2},"end":{"line":61,"column":null}},"23":{"start":{"line":61,"column":10},"end":{"line":61,"column":null}},"24":{"start":{"line":62,"column":19},"end":{"line":62,"column":77}},"25":{"start":{"line":63,"column":16},"end":{"line":63,"column":37}},"26":{"start":{"line":64,"column":15},"end":{"line":64,"column":40}},"27":{"start":{"line":65,"column":20},"end":{"line":65,"column":null}},"28":{"start":{"line":66,"column":2},"end":{"line":69,"column":null}},"29":{"start":{"line":67,"column":4},"end":{"line":67,"column":null}},"30":{"start":{"line":69,"column":4},"end":{"line":69,"column":null}},"31":{"start":{"line":80,"column":17},"end":{"line":80,"column":null}},"32":{"start":{"line":81,"column":2},"end":{"line":82,"column":null}},"33":{"start":{"line":82,"column":4},"end":{"line":82,"column":null}},"34":{"start":{"line":84,"column":18},"end":{"line":84,"column":null}},"35":{"start":{"line":85,"column":15},"end":{"line":85,"column":50}},"36":{"start":{"line":86,"column":2},"end":{"line":111,"column":null}},"37":{"start":{"line":87,"column":16},"end":{"line":94,"column":6}},"38":{"start":{"line":95,"column":19},"end":{"line":95,"column":null}},"39":{"start":{"line":96,"column":4},"end":{"line":98,"column":null}},"40":{"start":{"line":97,"column":12},"end":{"line":97,"column":74}},"41":{"start":{"line":97,"column":56},"end":{"line":97,"column":59}},"42":{"start":{"line":98,"column":6},"end":{"line":98,"column":null}},"43":{"start":{"line":101,"column":4},"end":{"line":104,"column":null}},"44":{"start":{"line":102,"column":6},"end":{"line":102,"column":null}},"45":{"start":{"line":104,"column":6},"end":{"line":104,"column":null}},"46":{"start":{"line":106,"column":21},"end":{"line":107,"column":null}},"47":{"start":{"line":108,"column":26},"end":{"line":108,"column":60}},"48":{"start":{"line":109,"column":4},"end":{"line":109,"column":null}},"49":{"start":{"line":111,"column":4},"end":{"line":111,"column":null}}},"fnMap":{"0":{"name":"blockFragment","decl":{"start":{"line":30,"column":9},"end":{"line":30,"column":23}},"loc":{"start":{"line":30,"column":46},"end":{"line":40,"column":null}},"line":30},"1":{"name":"extractTextFromLlmContent","decl":{"start":{"line":47,"column":16},"end":{"line":47,"column":42}},"loc":{"start":{"line":47,"column":68},"end":{"line":53,"column":null}},"line":47},"2":{"name":"safeJsonParse","decl":{"start":{"line":59,"column":16},"end":{"line":59,"column":43}},"loc":{"start":{"line":59,"column":66},"end":{"line":69,"column":null}},"line":59},"3":{"name":"callTogetherApi","decl":{"start":{"line":76,"column":22},"end":{"line":76,"column":null}},"loc":{"start":{"line":79,"column":54},"end":{"line":111,"column":null}},"line":79},"4":{"name":"(anonymous_4)","decl":{"start":{"line":97,"column":44},"end":{"line":97,"column":56}},"loc":{"start":{"line":97,"column":56},"end":{"line":97,"column":59}},"line":97}},"branchMap":{"0":{"loc":{"start":{"line":31,"column":2},"end":{"line":31,"column":null}},"type":"if","locations":[{"start":{"line":31,"column":2},"end":{"line":31,"column":null}},{"start":{},"end":{}}],"line":31},"1":{"loc":{"start":{"line":32,"column":2},"end":{"line":32,"column":null}},"type":"if","locations":[{"start":{"line":32,"column":2},"end":{"line":32,"column":null}},{"start":{},"end":{}}],"line":32},"2":{"loc":{"start":{"line":33,"column":2},"end":{"line":33,"column":null}},"type":"if","locations":[{"start":{"line":33,"column":2},"end":{"line":33,"column":null}},{"start":{},"end":{}}],"line":33},"3":{"loc":{"start":{"line":35,"column":2},"end":{"line":35,"column":null}},"type":"if","locations":[{"start":{"line":35,"column":2},"end":{"line":35,"column":null}},{"start":{},"end":{}}],"line":35},"4":{"loc":{"start":{"line":36,"column":2},"end":{"line":36,"column":null}},"type":"if","locations":[{"start":{"line":36,"column":2},"end":{"line":36,"column":null}},{"start":{},"end":{}}],"line":36},"5":{"loc":{"start":{"line":37,"column":2},"end":{"line":38,"column":null}},"type":"if","locations":[{"start":{"line":37,"column":2},"end":{"line":38,"column":null}},{"start":{},"end":{}}],"line":37},"6":{"loc":{"start":{"line":48,"column":2},"end":{"line":48,"column":null}},"type":"if","locations":[{"start":{"line":48,"column":2},"end":{"line":48,"column":null}},{"start":{},"end":{}}],"line":48},"7":{"loc":{"start":{"line":49,"column":2},"end":{"line":49,"column":null}},"type":"if","locations":[{"start":{"line":49,"column":2},"end":{"line":49,"column":null}},{"start":{},"end":{}}],"line":49},"8":{"loc":{"start":{"line":50,"column":2},"end":{"line":51,"column":null}},"type":"if","locations":[{"start":{"line":50,"column":2},"end":{"line":51,"column":null}},{"start":{},"end":{}}],"line":50},"9":{"loc":{"start":{"line":60,"column":19},"end":{"line":60,"column":29}},"type":"binary-expr","locations":[{"start":{"line":60,"column":19},"end":{"line":60,"column":26}},{"start":{"line":60,"column":26},"end":{"line":60,"column":29}}],"line":60},"10":{"loc":{"start":{"line":61,"column":2},"end":{"line":61,"column":null}},"type":"if","locations":[{"start":{"line":61,"column":2},"end":{"line":61,"column":null}},{"start":{},"end":{}}],"line":61},"11":{"loc":{"start":{"line":65,"column":20},"end":{"line":65,"column":null}},"type":"cond-expr","locations":[{"start":{"line":65,"column":49},"end":{"line":65,"column":80}},{"start":{"line":65,"column":83},"end":{"line":65,"column":null}}],"line":65},"12":{"loc":{"start":{"line":65,"column":20},"end":{"line":65,"column":49}},"type":"binary-expr","locations":[{"start":{"line":65,"column":20},"end":{"line":65,"column":34}},{"start":{"line":65,"column":34},"end":{"line":65,"column":49}}],"line":65},"13":{"loc":{"start":{"line":80,"column":17},"end":{"line":80,"column":null}},"type":"binary-expr","locations":[{"start":{"line":80,"column":17},"end":{"line":80,"column":33}},{"start":{"line":80,"column":33},"end":{"line":80,"column":null}}],"line":80},"14":{"loc":{"start":{"line":81,"column":2},"end":{"line":82,"column":null}},"type":"if","locations":[{"start":{"line":81,"column":2},"end":{"line":82,"column":null}},{"start":{},"end":{}}],"line":81},"15":{"loc":{"start":{"line":81,"column":6},"end":{"line":81,"column":61}},"type":"binary-expr","locations":[{"start":{"line":81,"column":6},"end":{"line":81,"column":17}},{"start":{"line":81,"column":17},"end":{"line":81,"column":47}},{"start":{"line":81,"column":47},"end":{"line":81,"column":61}}],"line":81},"16":{"loc":{"start":{"line":84,"column":18},"end":{"line":84,"column":null}},"type":"binary-expr","locations":[{"start":{"line":84,"column":18},"end":{"line":84,"column":35}},{"start":{"line":84,"column":35},"end":{"line":84,"column":68}},{"start":{"line":84,"column":68},"end":{"line":84,"column":null}}],"line":84},"17":{"loc":{"start":{"line":96,"column":4},"end":{"line":98,"column":null}},"type":"if","locations":[{"start":{"line":96,"column":4},"end":{"line":98,"column":null}},{"start":{},"end":{}}],"line":96},"18":{"loc":{"start":{"line":111,"column":31},"end":{"line":111,"column":81}},"type":"cond-expr","locations":[{"start":{"line":111,"column":52},"end":{"line":111,"column":64}},{"start":{"line":111,"column":64},"end":{"line":111,"column":81}}],"line":111}},"s":{"0":20,"1":1,"2":19,"3":2,"4":17,"5":1,"6":16,"7":16,"8":9,"9":7,"10":2,"11":5,"12":3,"13":2,"14":17,"15":2,"16":15,"17":5,"18":10,"19":8,"20":2,"21":10,"22":10,"23":3,"24":7,"25":7,"26":7,"27":7,"28":10,"29":10,"30":2,"31":11,"32":11,"33":2,"34":9,"35":11,"36":11,"37":11,"38":7,"39":7,"40":2,"41":1,"42":2,"43":5,"44":5,"45":1,"46":4,"47":11,"48":11,"49":2},"f":{"0":20,"1":17,"2":10,"3":11,"4":1},"b":{"0":[1,19],"1":[2,17],"2":[1,16],"3":[9,7],"4":[2,5],"5":[3,2],"6":[2,15],"7":[5,10],"8":[8,2],"9":[10,1],"10":[3,7],"11":[5,2],"12":[7,5],"13":[11,4],"14":[2,9],"15":[11,10,10],"16":[9,7,1],"17":[2,5],"18":[1,1]},"meta":{"lastBranch":19,"lastFunction":5,"lastStatement":50,"seen":{"f:30:9:30:23":0,"b:31:2:31:Infinity:undefined:undefined:undefined:undefined":0,"s:31:2:31:Infinity":0,"s:31:20:31:Infinity":1,"b:32:2:32:Infinity:undefined:undefined:undefined:undefined":1,"s:32:2:32:Infinity":2,"s:32:32:32:Infinity":3,"b:33:2:33:Infinity:undefined:undefined:undefined:undefined":2,"s:33:2:33:Infinity":4,"s:33:32:33:Infinity":5,"s:34:12:34:Infinity":6,"b:35:2:35:Infinity:undefined:undefined:undefined:undefined":3,"s:35:2:35:Infinity":7,"s:35:34:35:Infinity":8,"b:36:2:36:Infinity:undefined:undefined:undefined:undefined":4,"s:36:2:36:Infinity":9,"s:36:37:36:Infinity":10,"b:37:2:38:Infinity:undefined:undefined:undefined:undefined":5,"s:37:2:38:Infinity":11,"s:38:4:38:Infinity":12,"s:40:2:40:Infinity":13,"f:47:16:47:42":1,"b:48:2:48:Infinity:undefined:undefined:undefined:undefined":6,"s:48:2:48:Infinity":14,"s:48:23:48:Infinity":15,"b:49:2:49:Infinity:undefined:undefined:undefined:undefined":7,"s:49:2:49:Infinity":16,"s:49:35:49:Infinity":17,"b:50:2:51:Infinity:undefined:undefined:undefined:undefined":8,"s:50:2:51:Infinity":18,"s:51:4:51:Infinity":19,"s:53:2:53:Infinity":20,"f:59:16:59:43":2,"s:60:12:60:36":21,"b:60:19:60:26:60:26:60:29":9,"b:61:2:61:Infinity:undefined:undefined:undefined:undefined":10,"s:61:2:61:Infinity":22,"s:61:10:61:Infinity":23,"s:62:19:62:77":24,"s:63:16:63:37":25,"s:64:15:64:40":26,"s:65:20:65:Infinity":27,"b:65:49:65:80:65:83:65:Infinity":11,"b:65:20:65:34:65:34:65:49":12,"s:66:2:69:Infinity":28,"s:67:4:67:Infinity":29,"s:69:4:69:Infinity":30,"f:76:22:76:Infinity":3,"s:80:17:80:Infinity":31,"b:80:17:80:33:80:33:80:Infinity":13,"b:81:2:82:Infinity:undefined:undefined:undefined:undefined":14,"s:81:2:82:Infinity":32,"b:81:6:81:17:81:17:81:47:81:47:81:61":15,"s:82:4:82:Infinity":33,"s:84:18:84:Infinity":34,"b:84:18:84:35:84:35:84:68:84:68:84:Infinity":16,"s:85:15:85:50":35,"s:86:2:111:Infinity":36,"s:87:16:94:6":37,"s:95:19:95:Infinity":38,"b:96:4:98:Infinity:undefined:undefined:undefined:undefined":17,"s:96:4:98:Infinity":39,"s:97:12:97:74":40,"f:97:44:97:56":4,"s:97:56:97:59":41,"s:98:6:98:Infinity":42,"s:101:4:104:Infinity":43,"s:102:6:102:Infinity":44,"s:104:6:104:Infinity":45,"s:106:21:107:Infinity":46,"s:108:26:108:60":47,"s:109:4:109:Infinity":48,"s:111:4:111:Infinity":49,"b:111:52:111:64:111:64:111:81":18}}}
}
