{"C:\\Users\\felip\\Documents\\source\\flux-board\\flux-board\\lib\\cors-allowlist.ts": {"path":"C:\\Users\\felip\\Documents\\source\\flux-board\\flux-board\\lib\\cors-allowlist.ts","statementMap":{"0":{"start":{"line":8,"column":2},"end":{"line":8,"column":null}},"1":{"start":{"line":8,"column":20},"end":{"line":8,"column":null}},"2":{"start":{"line":9,"column":2},"end":{"line":12,"column":null}},"3":{"start":{"line":11,"column":16},"end":{"line":11,"column":43}},"4":{"start":{"line":16,"column":14},"end":{"line":16,"column":31}},"5":{"start":{"line":17,"column":14},"end":{"line":17,"column":72}},"6":{"start":{"line":18,"column":2},"end":{"line":18,"column":null}},"7":{"start":{"line":18,"column":11},"end":{"line":18,"column":null}},"8":{"start":{"line":19,"column":17},"end":{"line":19,"column":47}},"9":{"start":{"line":20,"column":2},"end":{"line":20,"column":null}},"10":{"start":{"line":20,"column":14},"end":{"line":20,"column":null}},"11":{"start":{"line":21,"column":2},"end":{"line":22,"column":null}},"12":{"start":{"line":22,"column":4},"end":{"line":22,"column":null}},"13":{"start":{"line":24,"column":15},"end":{"line":24,"column":23}},"14":{"start":{"line":25,"column":2},"end":{"line":30,"column":null}},"15":{"start":{"line":30,"column":4},"end":{"line":30,"column":null}},"16":{"start":{"line":32,"column":2},"end":{"line":32,"column":null}},"17":{"start":{"line":40,"column":2},"end":{"line":45,"column":null}},"18":{"start":{"line":41,"column":4},"end":{"line":45,"column":null}},"19":{"start":{"line":48,"column":17},"end":{"line":48,"column":46}},"20":{"start":{"line":49,"column":18},"end":{"line":49,"column":30}},"21":{"start":{"line":51,"column":4},"end":{"line":55,"column":null}},"22":{"start":{"line":51,"column":34},"end":{"line":51,"column":47}},"23":{"start":{"line":57,"column":39},"end":{"line":61,"column":null}},"24":{"start":{"line":63,"column":2},"end":{"line":64,"column":null}},"25":{"start":{"line":64,"column":4},"end":{"line":64,"column":null}},"26":{"start":{"line":67,"column":2},"end":{"line":67,"column":null}}},"fnMap":{"0":{"name":"parseOriginsList","decl":{"start":{"line":7,"column":9},"end":{"line":7,"column":26}},"loc":{"start":{"line":7,"column":61},"end":{"line":12,"column":null}},"line":7},"1":{"name":"(anonymous_1)","decl":{"start":{"line":11,"column":5},"end":{"line":11,"column":10}},"loc":{"start":{"line":11,"column":16},"end":{"line":11,"column":43}},"line":11},"2":{"name":"appOrigins","decl":{"start":{"line":15,"column":9},"end":{"line":15,"column":32}},"loc":{"start":{"line":15,"column":32},"end":{"line":32,"column":null}},"line":15},"3":{"name":"boardsApiCorsHeaders","decl":{"start":{"line":39,"column":16},"end":{"line":39,"column":37}},"loc":{"start":{"line":39,"column":83},"end":{"line":67,"column":null}},"line":39},"4":{"name":"(anonymous_4)","decl":{"start":{"line":51,"column":22},"end":{"line":51,"column":28}},"loc":{"start":{"line":51,"column":34},"end":{"line":51,"column":47}},"line":51}},"branchMap":{"0":{"loc":{"start":{"line":8,"column":2},"end":{"line":8,"column":null}},"type":"if","locations":[{"start":{"line":8,"column":2},"end":{"line":8,"column":null}},{"start":{},"end":{}}],"line":8},"1":{"loc":{"start":{"line":18,"column":2},"end":{"line":18,"column":null}},"type":"if","locations":[{"start":{"line":18,"column":2},"end":{"line":18,"column":null}},{"start":{},"end":{}}],"line":18},"2":{"loc":{"start":{"line":20,"column":2},"end":{"line":20,"column":null}},"type":"if","locations":[{"start":{"line":20,"column":2},"end":{"line":20,"column":null}},{"start":{},"end":{}}],"line":20},"3":{"loc":{"start":{"line":25,"column":2},"end":{"line":30,"column":null}},"type":"if","locations":[{"start":{"line":25,"column":2},"end":{"line":30,"column":null}},{"start":{},"end":{}}],"line":25},"4":{"loc":{"start":{"line":26,"column":4},"end":{"line":28,"column":null}},"type":"binary-expr","locations":[{"start":{"line":26,"column":4},"end":{"line":26,"column":null}},{"start":{"line":27,"column":4},"end":{"line":27,"column":null}},{"start":{"line":27,"column":31},"end":{"line":28,"column":null}}],"line":26},"5":{"loc":{"start":{"line":40,"column":2},"end":{"line":45,"column":null}},"type":"if","locations":[{"start":{"line":40,"column":2},"end":{"line":45,"column":null}},{"start":{},"end":{}}],"line":40},"6":{"loc":{"start":{"line":51,"column":4},"end":{"line":55,"column":null}},"type":"cond-expr","locations":[{"start":{"line":52,"column":8},"end":{"line":52,"column":null}},{"start":{"line":53,"column":8},"end":{"line":55,"column":null}}],"line":51},"7":{"loc":{"start":{"line":51,"column":4},"end":{"line":51,"column":47}},"type":"binary-expr","locations":[{"start":{"line":51,"column":4},"end":{"line":51,"column":14}},{"start":{"line":51,"column":14},"end":{"line":51,"column":47}}],"line":51},"8":{"loc":{"start":{"line":53,"column":8},"end":{"line":55,"column":null}},"type":"cond-expr","locations":[{"start":{"line":54,"column":10},"end":{"line":54,"column":null}},{"start":{"line":55,"column":10},"end":{"line":55,"column":null}}],"line":53},"9":{"loc":{"start":{"line":63,"column":2},"end":{"line":64,"column":null}},"type":"if","locations":[{"start":{"line":63,"column":2},"end":{"line":64,"column":null}},{"start":{},"end":{}}],"line":63}},"s":{"0":5,"1":4,"2":1,"3":4,"4":5,"5":5,"6":5,"7":4,"8":5,"9":5,"10":1,"11":5,"12":2,"13":5,"14":5,"15":1,"16":4,"17":6,"18":1,"19":5,"20":5,"21":5,"22":6,"23":6,"24":6,"25":5,"26":5},"f":{"0":5,"1":4,"2":5,"3":6,"4":6},"b":{"0":[4,1],"1":[4,1],"2":[1,4],"3":[1,4],"4":[5,1,1],"5":[1,5],"6":[4,1],"7":[5,4],"8":[1,0],"9":[5,1]},"meta":{"lastBranch":10,"lastFunction":5,"lastStatement":27,"seen":{"f:7:9:7:26":0,"b:8:2:8:Infinity:undefined:undefined:undefined:undefined":0,"s:8:2:8:Infinity":0,"s:8:20:8:Infinity":1,"s:9:2:12:Infinity":2,"f:11:5:11:10":1,"s:11:16:11:43":3,"f:15:9:15:32":2,"s:16:14:16:31":4,"s:17:14:17:72":5,"b:18:2:18:Infinity:undefined:undefined:undefined:undefined":1,"s:18:2:18:Infinity":6,"s:18:11:18:Infinity":7,"s:19:17:19:47":8,"b:20:2:20:Infinity:undefined:undefined:undefined:undefined":2,"s:20:2:20:Infinity":9,"s:20:14:20:Infinity":10,"s:21:2:22:Infinity":11,"s:22:4:22:Infinity":12,"s:24:15:24:23":13,"b:25:2:30:Infinity:undefined:undefined:undefined:undefined":3,"s:25:2:30:Infinity":14,"b:26:4:26:Infinity:27:4:27:Infinity:27:31:28:Infinity":4,"s:30:4:30:Infinity":15,"s:32:2:32:Infinity":16,"f:39:16:39:37":3,"b:40:2:45:Infinity:undefined:undefined:undefined:undefined":5,"s:40:2:45:Infinity":17,"s:41:4:45:Infinity":18,"s:48:17:48:46":19,"s:49:18:49:30":20,"s:51:4:55:Infinity":21,"b:52:8:52:Infinity:53:8:55:Infinity":6,"b:51:4:51:14:51:14:51:47":7,"f:51:22:51:28":4,"s:51:34:51:47":22,"b:54:10:54:Infinity:55:10:55:Infinity":8,"s:57:39:61:Infinity":23,"b:63:2:64:Infinity:undefined:undefined:undefined:undefined":9,"s:63:2:64:Infinity":24,"s:64:4:64:Infinity":25,"s:67:2:67:Infinity":26}}}
,"C:\\Users\\felip\\Documents\\source\\flux-board\\flux-board\\lib\\cron-secret.ts": {"path":"C:\\Users\\felip\\Documents\\source\\flux-board\\flux-board\\lib\\cron-secret.ts","statementMap":{"0":{"start":{"line":1,"column":32},"end":{"line":1,"column":null}},"1":{"start":{"line":5,"column":2},"end":{"line":5,"column":null}},"2":{"start":{"line":9,"column":13},"end":{"line":9,"column":35}},"3":{"start":{"line":10,"column":13},"end":{"line":10,"column":35}},"4":{"start":{"line":11,"column":2},"end":{"line":11,"column":null}},"5":{"start":{"line":11,"column":31},"end":{"line":11,"column":null}},"6":{"start":{"line":12,"column":2},"end":{"line":12,"column":null}},"7":{"start":{"line":22,"column":17},"end":{"line":22,"column":null}},"8":{"start":{"line":23,"column":21},"end":{"line":23,"column":102}},"9":{"start":{"line":23,"column":40},"end":{"line":23,"column":62}},"10":{"start":{"line":23,"column":91},"end":{"line":23,"column":101}},"11":{"start":{"line":24,"column":19},"end":{"line":24,"column":null}},"12":{"start":{"line":26,"column":2},"end":{"line":28,"column":null}},"13":{"start":{"line":27,"column":4},"end":{"line":27,"column":null}},"14":{"start":{"line":27,"column":30},"end":{"line":27,"column":null}},"15":{"start":{"line":28,"column":4},"end":{"line":28,"column":null}},"16":{"start":{"line":31,"column":2},"end":{"line":31,"column":null}},"17":{"start":{"line":31,"column":15},"end":{"line":31,"column":null}},"18":{"start":{"line":32,"column":2},"end":{"line":32,"column":null}},"19":{"start":{"line":32,"column":32},"end":{"line":32,"column":52}}},"fnMap":{"0":{"name":"isProductionDeploy","decl":{"start":{"line":4,"column":9},"end":{"line":4,"column":39}},"loc":{"start":{"line":4,"column":39},"end":{"line":5,"column":null}},"line":4},"1":{"name":"safeEqual","decl":{"start":{"line":8,"column":9},"end":{"line":8,"column":19}},"loc":{"start":{"line":8,"column":50},"end":{"line":12,"column":null}},"line":8},"2":{"name":"verifyCronSecret","decl":{"start":{"line":21,"column":16},"end":{"line":21,"column":33}},"loc":{"start":{"line":21,"column":83},"end":{"line":32,"column":null}},"line":21},"3":{"name":"(anonymous_3)","decl":{"start":{"line":23,"column":29},"end":{"line":23,"column":34}},"loc":{"start":{"line":23,"column":40},"end":{"line":23,"column":62}},"line":23},"4":{"name":"(anonymous_4)","decl":{"start":{"line":23,"column":64},"end":{"line":23,"column":72}},"loc":{"start":{"line":23,"column":91},"end":{"line":23,"column":101}},"line":23},"5":{"name":"(anonymous_5)","decl":{"start":{"line":32,"column":20},"end":{"line":32,"column":26}},"loc":{"start":{"line":32,"column":32},"end":{"line":32,"column":52}},"line":32}},"branchMap":{"0":{"loc":{"start":{"line":5,"column":9},"end":{"line":5,"column":null}},"type":"binary-expr","locations":[{"start":{"line":5,"column":9},"end":{"line":5,"column":77}},{"start":{"line":5,"column":36},"end":{"line":5,"column":null}}],"line":5},"1":{"loc":{"start":{"line":11,"column":2},"end":{"line":11,"column":null}},"type":"if","locations":[{"start":{"line":11,"column":2},"end":{"line":11,"column":null}},{"start":{},"end":{}}],"line":11},"2":{"loc":{"start":{"line":22,"column":17},"end":{"line":22,"column":null}},"type":"binary-expr","locations":[{"start":{"line":22,"column":17},"end":{"line":22,"column":53}},{"start":{"line":22,"column":57},"end":{"line":22,"column":null}}],"line":22},"3":{"loc":{"start":{"line":26,"column":2},"end":{"line":28,"column":null}},"type":"if","locations":[{"start":{"line":26,"column":2},"end":{"line":28,"column":null}},{"start":{},"end":{}}],"line":26},"4":{"loc":{"start":{"line":27,"column":4},"end":{"line":27,"column":null}},"type":"if","locations":[{"start":{"line":27,"column":4},"end":{"line":27,"column":null}},{"start":{},"end":{}}],"line":27},"5":{"loc":{"start":{"line":31,"column":2},"end":{"line":31,"column":null}},"type":"if","locations":[{"start":{"line":31,"column":2},"end":{"line":31,"column":null}},{"start":{},"end":{}}],"line":31}},"s":{"0":1,"1":2,"2":3,"3":3,"4":3,"5":0,"6":3,"7":6,"8":6,"9":7,"10":7,"11":6,"12":6,"13":2,"14":1,"15":1,"16":4,"17":1,"18":3,"19":3},"f":{"0":2,"1":3,"2":6,"3":7,"4":7,"5":3},"b":{"0":[2,1],"1":[0,3],"2":[6,3],"3":[2,4],"4":[1,1],"5":[1,3]},"meta":{"lastBranch":6,"lastFunction":6,"lastStatement":20,"seen":{"s:1:32:1:Infinity":0,"f:4:9:4:39":0,"s:5:2:5:Infinity":1,"b:5:9:5:77:5:36:5:Infinity":0,"f:8:9:8:19":1,"s:9:13:9:35":2,"s:10:13:10:35":3,"b:11:2:11:Infinity:undefined:undefined:undefined:undefined":1,"s:11:2:11:Infinity":4,"s:11:31:11:Infinity":5,"s:12:2:12:Infinity":6,"f:21:16:21:33":2,"s:22:17:22:Infinity":7,"b:22:17:22:53:22:57:22:Infinity":2,"s:23:21:23:102":8,"f:23:29:23:34":3,"s:23:40:23:62":9,"f:23:64:23:72":4,"s:23:91:23:101":10,"s:24:19:24:Infinity":11,"b:26:2:28:Infinity:undefined:undefined:undefined:undefined":3,"s:26:2:28:Infinity":12,"b:27:4:27:Infinity:undefined:undefined:undefined:undefined":4,"s:27:4:27:Infinity":13,"s:27:30:27:Infinity":14,"s:28:4:28:Infinity":15,"b:31:2:31:Infinity:undefined:undefined:undefined:undefined":5,"s:31:2:31:Infinity":16,"s:31:15:31:Infinity":17,"s:32:2:32:Infinity":18,"f:32:20:32:26":5,"s:32:32:32:52":19}}}
,"C:\\Users\\felip\\Documents\\source\\flux-board\\flux-board\\lib\\env-validate.ts": {"path":"C:\\Users\\felip\\Documents\\source\\flux-board\\flux-board\\lib\\env-validate.ts","statementMap":{"0":{"start":{"line":3,"column":16},"end":{"line":3,"column":null}},"1":{"start":{"line":10,"column":2},"end":{"line":10,"column":null}},"2":{"start":{"line":10,"column":17},"end":{"line":10,"column":null}},"3":{"start":{"line":11,"column":2},"end":{"line":11,"column":null}},"4":{"start":{"line":13,"column":2},"end":{"line":13,"column":null}},"5":{"start":{"line":15,"column":2},"end":{"line":29,"column":null}},"6":{"start":{"line":16,"column":19},"end":{"line":16,"column":56}},"7":{"start":{"line":17,"column":4},"end":{"line":18,"column":null}},"8":{"start":{"line":18,"column":6},"end":{"line":18,"column":null}},"9":{"start":{"line":21,"column":6},"end":{"line":22,"column":101}},"10":{"start":{"line":23,"column":4},"end":{"line":26,"column":null}},"11":{"start":{"line":24,"column":6},"end":{"line":26,"column":null}},"12":{"start":{"line":28,"column":4},"end":{"line":29,"column":null}},"13":{"start":{"line":29,"column":6},"end":{"line":29,"column":null}}},"fnMap":{"0":{"name":"validateServerEnv","decl":{"start":{"line":9,"column":16},"end":{"line":9,"column":42}},"loc":{"start":{"line":9,"column":42},"end":{"line":29,"column":null}},"line":9}},"branchMap":{"0":{"loc":{"start":{"line":10,"column":2},"end":{"line":10,"column":null}},"type":"if","locations":[{"start":{"line":10,"column":2},"end":{"line":10,"column":null}},{"start":{},"end":{}}],"line":10},"1":{"loc":{"start":{"line":15,"column":2},"end":{"line":29,"column":null}},"type":"if","locations":[{"start":{"line":15,"column":2},"end":{"line":29,"column":null}},{"start":{},"end":{}}],"line":15},"2":{"loc":{"start":{"line":17,"column":4},"end":{"line":18,"column":null}},"type":"if","locations":[{"start":{"line":17,"column":4},"end":{"line":18,"column":null}},{"start":{},"end":{}}],"line":17},"3":{"loc":{"start":{"line":21,"column":6},"end":{"line":22,"column":101}},"type":"binary-expr","locations":[{"start":{"line":21,"column":6},"end":{"line":21,"column":53}},{"start":{"line":22,"column":6},"end":{"line":22,"column":101}}],"line":21},"4":{"loc":{"start":{"line":22,"column":14},"end":{"line":22,"column":100}},"type":"binary-expr","locations":[{"start":{"line":22,"column":14},"end":{"line":22,"column":56}},{"start":{"line":22,"column":60},"end":{"line":22,"column":100}}],"line":22},"5":{"loc":{"start":{"line":23,"column":4},"end":{"line":26,"column":null}},"type":"if","locations":[{"start":{"line":23,"column":4},"end":{"line":26,"column":null}},{"start":{},"end":{}}],"line":23},"6":{"loc":{"start":{"line":28,"column":4},"end":{"line":29,"column":null}},"type":"if","locations":[{"start":{"line":28,"column":4},"end":{"line":29,"column":null}},{"start":{},"end":{}}],"line":28}},"s":{"0":5,"1":6,"2":1,"3":5,"4":5,"5":5,"6":3,"7":3,"8":1,"9":3,"10":3,"11":1,"12":3,"13":1},"f":{"0":6},"b":{"0":[1,5],"1":[3,2],"2":[1,2],"3":[3,1],"4":[1,0],"5":[1,2],"6":[1,2]},"meta":{"lastBranch":7,"lastFunction":1,"lastStatement":14,"seen":{"s:3:16:3:Infinity":0,"f:9:16:9:42":0,"b:10:2:10:Infinity:undefined:undefined:undefined:undefined":0,"s:10:2:10:Infinity":1,"s:10:17:10:Infinity":2,"s:11:2:11:Infinity":3,"s:13:2:13:Infinity":4,"b:15:2:29:Infinity:undefined:undefined:undefined:undefined":1,"s:15:2:29:Infinity":5,"s:16:19:16:56":6,"b:17:4:18:Infinity:undefined:undefined:undefined:undefined":2,"s:17:4:18:Infinity":7,"s:18:6:18:Infinity":8,"s:21:6:22:101":9,"b:21:6:21:53:22:6:22:101":3,"b:22:14:22:56:22:60:22:100":4,"b:23:4:26:Infinity:undefined:undefined:undefined:undefined":5,"s:23:4:26:Infinity":10,"s:24:6:26:Infinity":11,"b:28:4:29:Infinity:undefined:undefined:undefined:undefined":6,"s:28:4:29:Infinity":12,"s:29:6:29:Infinity":13}}}
,"C:\\Users\\felip\\Documents\\source\\flux-board\\flux-board\\lib\\jwt-secret.ts": {"path":"C:\\Users\\felip\\Documents\\source\\flux-board\\flux-board\\lib\\jwt-secret.ts","statementMap":{"0":{"start":{"line":1,"column":16},"end":{"line":1,"column":null}},"1":{"start":{"line":3,"column":28},"end":{"line":3,"column":null}},"2":{"start":{"line":9,"column":2},"end":{"line":9,"column":null}},"3":{"start":{"line":9,"column":14},"end":{"line":9,"column":null}},"4":{"start":{"line":10,"column":12},"end":{"line":10,"column":42}},"5":{"start":{"line":11,"column":2},"end":{"line":14,"column":null}},"6":{"start":{"line":12,"column":4},"end":{"line":14,"column":null}},"7":{"start":{"line":16,"column":2},"end":{"line":16,"column":null}},"8":{"start":{"line":17,"column":2},"end":{"line":17,"column":null}},"9":{"start":{"line":21,"column":2},"end":{"line":21,"column":null}}},"fnMap":{"0":{"name":"getJwtSecret","decl":{"start":{"line":8,"column":16},"end":{"line":8,"column":39}},"loc":{"start":{"line":8,"column":39},"end":{"line":17,"column":null}},"line":8},"1":{"name":"assertJwtSecretConfigured","decl":{"start":{"line":20,"column":16},"end":{"line":20,"column":50}},"loc":{"start":{"line":20,"column":50},"end":{"line":21,"column":null}},"line":20}},"branchMap":{"0":{"loc":{"start":{"line":9,"column":2},"end":{"line":9,"column":null}},"type":"if","locations":[{"start":{"line":9,"column":2},"end":{"line":9,"column":null}},{"start":{},"end":{}}],"line":9},"1":{"loc":{"start":{"line":11,"column":2},"end":{"line":14,"column":null}},"type":"if","locations":[{"start":{"line":11,"column":2},"end":{"line":14,"column":null}},{"start":{},"end":{}}],"line":11},"2":{"loc":{"start":{"line":11,"column":6},"end":{"line":11,"column":32}},"type":"binary-expr","locations":[{"start":{"line":11,"column":6},"end":{"line":11,"column":12}},{"start":{"line":11,"column":12},"end":{"line":11,"column":32}}],"line":11}},"s":{"0":11,"1":11,"2":9,"3":0,"4":9,"5":9,"6":2,"7":7,"8":7,"9":6},"f":{"0":9,"1":6},"b":{"0":[0,9],"1":[2,7],"2":[9,8]},"meta":{"lastBranch":3,"lastFunction":2,"lastStatement":10,"seen":{"s:1:16:1:Infinity":0,"s:3:28:3:Infinity":1,"f:8:16:8:39":0,"b:9:2:9:Infinity:undefined:undefined:undefined:undefined":0,"s:9:2:9:Infinity":2,"s:9:14:9:Infinity":3,"s:10:12:10:42":4,"b:11:2:14:Infinity:undefined:undefined:undefined:undefined":1,"s:11:2:14:Infinity":5,"b:11:6:11:12:11:12:11:32":2,"s:12:4:14:Infinity":6,"s:16:2:16:Infinity":7,"s:17:2:17:Infinity":8,"f:20:16:20:50":1,"s:21:2:21:Infinity":9}}}
,"C:\\Users\\felip\\Documents\\source\\flux-board\\flux-board\\lib\\llm-utils.ts": {"path":"C:\\Users\\felip\\Documents\\source\\flux-board\\flux-board\\lib\\llm-utils.ts","statementMap":{"0":{"start":{"line":31,"column":2},"end":{"line":31,"column":null}},"1":{"start":{"line":31,"column":20},"end":{"line":31,"column":null}},"2":{"start":{"line":32,"column":2},"end":{"line":32,"column":null}},"3":{"start":{"line":32,"column":32},"end":{"line":32,"column":null}},"4":{"start":{"line":33,"column":2},"end":{"line":33,"column":null}},"5":{"start":{"line":33,"column":32},"end":{"line":33,"column":null}},"6":{"start":{"line":34,"column":12},"end":{"line":34,"column":null}},"7":{"start":{"line":35,"column":2},"end":{"line":35,"column":null}},"8":{"start":{"line":35,"column":34},"end":{"line":35,"column":null}},"9":{"start":{"line":36,"column":2},"end":{"line":36,"column":null}},"10":{"start":{"line":36,"column":37},"end":{"line":36,"column":null}},"11":{"start":{"line":37,"column":2},"end":{"line":38,"column":null}},"12":{"start":{"line":38,"column":4},"end":{"line":38,"column":null}},"13":{"start":{"line":40,"column":2},"end":{"line":40,"column":null}},"14":{"start":{"line":48,"column":2},"end":{"line":48,"column":null}},"15":{"start":{"line":48,"column":23},"end":{"line":48,"column":null}},"16":{"start":{"line":49,"column":2},"end":{"line":49,"column":null}},"17":{"start":{"line":49,"column":35},"end":{"line":49,"column":null}},"18":{"start":{"line":50,"column":2},"end":{"line":51,"column":null}},"19":{"start":{"line":51,"column":4},"end":{"line":51,"column":null}},"20":{"start":{"line":53,"column":2},"end":{"line":53,"column":null}},"21":{"start":{"line":60,"column":12},"end":{"line":60,"column":36}},"22":{"start":{"line":61,"column":2},"end":{"line":61,"column":null}},"23":{"start":{"line":61,"column":10},"end":{"line":61,"column":null}},"24":{"start":{"line":62,"column":19},"end":{"line":62,"column":77}},"25":{"start":{"line":63,"column":16},"end":{"line":63,"column":37}},"26":{"start":{"line":64,"column":15},"end":{"line":64,"column":40}},"27":{"start":{"line":65,"column":20},"end":{"line":65,"column":null}},"28":{"start":{"line":66,"column":2},"end":{"line":69,"column":null}},"29":{"start":{"line":67,"column":4},"end":{"line":67,"column":null}},"30":{"start":{"line":69,"column":4},"end":{"line":69,"column":null}},"31":{"start":{"line":80,"column":17},"end":{"line":80,"column":null}},"32":{"start":{"line":81,"column":2},"end":{"line":82,"column":null}},"33":{"start":{"line":82,"column":4},"end":{"line":82,"column":null}},"34":{"start":{"line":84,"column":18},"end":{"line":84,"column":null}},"35":{"start":{"line":85,"column":15},"end":{"line":85,"column":50}},"36":{"start":{"line":86,"column":2},"end":{"line":111,"column":null}},"37":{"start":{"line":87,"column":16},"end":{"line":94,"column":6}},"38":{"start":{"line":95,"column":19},"end":{"line":95,"column":null}},"39":{"start":{"line":96,"column":4},"end":{"line":98,"column":null}},"40":{"start":{"line":97,"column":12},"end":{"line":97,"column":74}},"41":{"start":{"line":97,"column":56},"end":{"line":97,"column":59}},"42":{"start":{"line":98,"column":6},"end":{"line":98,"column":null}},"43":{"start":{"line":101,"column":4},"end":{"line":104,"column":null}},"44":{"start":{"line":102,"column":6},"end":{"line":102,"column":null}},"45":{"start":{"line":104,"column":6},"end":{"line":104,"column":null}},"46":{"start":{"line":106,"column":21},"end":{"line":107,"column":null}},"47":{"start":{"line":108,"column":26},"end":{"line":108,"column":60}},"48":{"start":{"line":109,"column":4},"end":{"line":109,"column":null}},"49":{"start":{"line":111,"column":4},"end":{"line":111,"column":null}}},"fnMap":{"0":{"name":"blockFragment","decl":{"start":{"line":30,"column":9},"end":{"line":30,"column":23}},"loc":{"start":{"line":30,"column":46},"end":{"line":40,"column":null}},"line":30},"1":{"name":"extractTextFromLlmContent","decl":{"start":{"line":47,"column":16},"end":{"line":47,"column":42}},"loc":{"start":{"line":47,"column":68},"end":{"line":53,"column":null}},"line":47},"2":{"name":"safeJsonParse","decl":{"start":{"line":59,"column":16},"end":{"line":59,"column":43}},"loc":{"start":{"line":59,"column":66},"end":{"line":69,"column":null}},"line":59},"3":{"name":"callTogetherApi","decl":{"start":{"line":76,"column":22},"end":{"line":76,"column":null}},"loc":{"start":{"line":79,"column":54},"end":{"line":111,"column":null}},"line":79},"4":{"name":"(anonymous_4)","decl":{"start":{"line":97,"column":44},"end":{"line":97,"column":56}},"loc":{"start":{"line":97,"column":56},"end":{"line":97,"column":59}},"line":97}},"branchMap":{"0":{"loc":{"start":{"line":31,"column":2},"end":{"line":31,"column":null}},"type":"if","locations":[{"start":{"line":31,"column":2},"end":{"line":31,"column":null}},{"start":{},"end":{}}],"line":31},"1":{"loc":{"start":{"line":32,"column":2},"end":{"line":32,"column":null}},"type":"if","locations":[{"start":{"line":32,"column":2},"end":{"line":32,"column":null}},{"start":{},"end":{}}],"line":32},"2":{"loc":{"start":{"line":33,"column":2},"end":{"line":33,"column":null}},"type":"if","locations":[{"start":{"line":33,"column":2},"end":{"line":33,"column":null}},{"start":{},"end":{}}],"line":33},"3":{"loc":{"start":{"line":35,"column":2},"end":{"line":35,"column":null}},"type":"if","locations":[{"start":{"line":35,"column":2},"end":{"line":35,"column":null}},{"start":{},"end":{}}],"line":35},"4":{"loc":{"start":{"line":36,"column":2},"end":{"line":36,"column":null}},"type":"if","locations":[{"start":{"line":36,"column":2},"end":{"line":36,"column":null}},{"start":{},"end":{}}],"line":36},"5":{"loc":{"start":{"line":37,"column":2},"end":{"line":38,"column":null}},"type":"if","locations":[{"start":{"line":37,"column":2},"end":{"line":38,"column":null}},{"start":{},"end":{}}],"line":37},"6":{"loc":{"start":{"line":48,"column":2},"end":{"line":48,"column":null}},"type":"if","locations":[{"start":{"line":48,"column":2},"end":{"line":48,"column":null}},{"start":{},"end":{}}],"line":48},"7":{"loc":{"start":{"line":49,"column":2},"end":{"line":49,"column":null}},"type":"if","locations":[{"start":{"line":49,"column":2},"end":{"line":49,"column":null}},{"start":{},"end":{}}],"line":49},"8":{"loc":{"start":{"line":50,"column":2},"end":{"line":51,"column":null}},"type":"if","locations":[{"start":{"line":50,"column":2},"end":{"line":51,"column":null}},{"start":{},"end":{}}],"line":50},"9":{"loc":{"start":{"line":60,"column":19},"end":{"line":60,"column":29}},"type":"binary-expr","locations":[{"start":{"line":60,"column":19},"end":{"line":60,"column":26}},{"start":{"line":60,"column":26},"end":{"line":60,"column":29}}],"line":60},"10":{"loc":{"start":{"line":61,"column":2},"end":{"line":61,"column":null}},"type":"if","locations":[{"start":{"line":61,"column":2},"end":{"line":61,"column":null}},{"start":{},"end":{}}],"line":61},"11":{"loc":{"start":{"line":65,"column":20},"end":{"line":65,"column":null}},"type":"cond-expr","locations":[{"start":{"line":65,"column":49},"end":{"line":65,"column":80}},{"start":{"line":65,"column":83},"end":{"line":65,"column":null}}],"line":65},"12":{"loc":{"start":{"line":65,"column":20},"end":{"line":65,"column":49}},"type":"binary-expr","locations":[{"start":{"line":65,"column":20},"end":{"line":65,"column":34}},{"start":{"line":65,"column":34},"end":{"line":65,"column":49}}],"line":65},"13":{"loc":{"start":{"line":80,"column":17},"end":{"line":80,"column":null}},"type":"binary-expr","locations":[{"start":{"line":80,"column":17},"end":{"line":80,"column":33}},{"start":{"line":80,"column":33},"end":{"line":80,"column":null}}],"line":80},"14":{"loc":{"start":{"line":81,"column":2},"end":{"line":82,"column":null}},"type":"if","locations":[{"start":{"line":81,"column":2},"end":{"line":82,"column":null}},{"start":{},"end":{}}],"line":81},"15":{"loc":{"start":{"line":81,"column":6},"end":{"line":81,"column":61}},"type":"binary-expr","locations":[{"start":{"line":81,"column":6},"end":{"line":81,"column":17}},{"start":{"line":81,"column":17},"end":{"line":81,"column":47}},{"start":{"line":81,"column":47},"end":{"line":81,"column":61}}],"line":81},"16":{"loc":{"start":{"line":84,"column":18},"end":{"line":84,"column":null}},"type":"binary-expr","locations":[{"start":{"line":84,"column":18},"end":{"line":84,"column":35}},{"start":{"line":84,"column":35},"end":{"line":84,"column":68}},{"start":{"line":84,"column":68},"end":{"line":84,"column":null}}],"line":84},"17":{"loc":{"start":{"line":96,"column":4},"end":{"line":98,"column":null}},"type":"if","locations":[{"start":{"line":96,"column":4},"end":{"line":98,"column":null}},{"start":{},"end":{}}],"line":96},"18":{"loc":{"start":{"line":111,"column":31},"end":{"line":111,"column":81}},"type":"cond-expr","locations":[{"start":{"line":111,"column":52},"end":{"line":111,"column":64}},{"start":{"line":111,"column":64},"end":{"line":111,"column":81}}],"line":111}},"s":{"0":20,"1":1,"2":19,"3":2,"4":17,"5":1,"6":16,"7":16,"8":9,"9":7,"10":2,"11":5,"12":3,"13":2,"14":17,"15":2,"16":15,"17":5,"18":10,"19":8,"20":2,"21":10,"22":10,"23":3,"24":7,"25":7,"26":7,"27":7,"28":10,"29":10,"30":2,"31":11,"32":11,"33":2,"34":9,"35":11,"36":11,"37":11,"38":7,"39":7,"40":2,"41":1,"42":2,"43":5,"44":5,"45":1,"46":4,"47":11,"48":11,"49":2},"f":{"0":20,"1":17,"2":10,"3":11,"4":1},"b":{"0":[1,19],"1":[2,17],"2":[1,16],"3":[9,7],"4":[2,5],"5":[3,2],"6":[2,15],"7":[5,10],"8":[8,2],"9":[10,1],"10":[3,7],"11":[5,2],"12":[7,5],"13":[11,4],"14":[2,9],"15":[11,10,10],"16":[9,7,1],"17":[2,5],"18":[1,1]},"meta":{"lastBranch":19,"lastFunction":5,"lastStatement":50,"seen":{"f:30:9:30:23":0,"b:31:2:31:Infinity:undefined:undefined:undefined:undefined":0,"s:31:2:31:Infinity":0,"s:31:20:31:Infinity":1,"b:32:2:32:Infinity:undefined:undefined:undefined:undefined":1,"s:32:2:32:Infinity":2,"s:32:32:32:Infinity":3,"b:33:2:33:Infinity:undefined:undefined:undefined:undefined":2,"s:33:2:33:Infinity":4,"s:33:32:33:Infinity":5,"s:34:12:34:Infinity":6,"b:35:2:35:Infinity:undefined:undefined:undefined:undefined":3,"s:35:2:35:Infinity":7,"s:35:34:35:Infinity":8,"b:36:2:36:Infinity:undefined:undefined:undefined:undefined":4,"s:36:2:36:Infinity":9,"s:36:37:36:Infinity":10,"b:37:2:38:Infinity:undefined:undefined:undefined:undefined":5,"s:37:2:38:Infinity":11,"s:38:4:38:Infinity":12,"s:40:2:40:Infinity":13,"f:47:16:47:42":1,"b:48:2:48:Infinity:undefined:undefined:undefined:undefined":6,"s:48:2:48:Infinity":14,"s:48:23:48:Infinity":15,"b:49:2:49:Infinity:undefined:undefined:undefined:undefined":7,"s:49:2:49:Infinity":16,"s:49:35:49:Infinity":17,"b:50:2:51:Infinity:undefined:undefined:undefined:undefined":8,"s:50:2:51:Infinity":18,"s:51:4:51:Infinity":19,"s:53:2:53:Infinity":20,"f:59:16:59:43":2,"s:60:12:60:36":21,"b:60:19:60:26:60:26:60:29":9,"b:61:2:61:Infinity:undefined:undefined:undefined:undefined":10,"s:61:2:61:Infinity":22,"s:61:10:61:Infinity":23,"s:62:19:62:77":24,"s:63:16:63:37":25,"s:64:15:64:40":26,"s:65:20:65:Infinity":27,"b:65:49:65:80:65:83:65:Infinity":11,"b:65:20:65:34:65:34:65:49":12,"s:66:2:69:Infinity":28,"s:67:4:67:Infinity":29,"s:69:4:69:Infinity":30,"f:76:22:76:Infinity":3,"s:80:17:80:Infinity":31,"b:80:17:80:33:80:33:80:Infinity":13,"b:81:2:82:Infinity:undefined:undefined:undefined:undefined":14,"s:81:2:82:Infinity":32,"b:81:6:81:17:81:17:81:47:81:47:81:61":15,"s:82:4:82:Infinity":33,"s:84:18:84:Infinity":34,"b:84:18:84:35:84:35:84:68:84:68:84:Infinity":16,"s:85:15:85:50":35,"s:86:2:111:Infinity":36,"s:87:16:94:6":37,"s:95:19:95:Infinity":38,"b:96:4:98:Infinity:undefined:undefined:undefined:undefined":17,"s:96:4:98:Infinity":39,"s:97:12:97:74":40,"f:97:44:97:56":4,"s:97:56:97:59":41,"s:98:6:98:Infinity":42,"s:101:4:104:Infinity":43,"s:102:6:102:Infinity":44,"s:104:6:104:Infinity":45,"s:106:21:107:Infinity":46,"s:108:26:108:60":47,"s:109:4:109:Infinity":48,"s:111:4:111:Infinity":49,"b:111:52:111:64:111:64:111:81":18}}}
,"C:\\Users\\felip\\Documents\\source\\flux-board\\flux-board\\lib\\slack-request-verify.ts": {"path":"C:\\Users\\felip\\Documents\\source\\flux-board\\flux-board\\lib\\slack-request-verify.ts","statementMap":{"0":{"start":{"line":1,"column":44},"end":{"line":1,"column":null}},"1":{"start":{"line":3,"column":16},"end":{"line":3,"column":null}},"2":{"start":{"line":19,"column":92},"end":{"line":19,"column":null}},"3":{"start":{"line":20,"column":2},"end":{"line":20,"column":null}},"4":{"start":{"line":20,"column":44},"end":{"line":20,"column":null}},"5":{"start":{"line":21,"column":13},"end":{"line":21,"column":36}},"6":{"start":{"line":22,"column":2},"end":{"line":22,"column":null}},"7":{"start":{"line":22,"column":38},"end":{"line":22,"column":null}},"8":{"start":{"line":23,"column":17},"end":{"line":23,"column":46}},"9":{"start":{"line":24,"column":2},"end":{"line":24,"column":null}},"10":{"start":{"line":24,"column":42},"end":{"line":24,"column":null}},"11":{"start":{"line":26,"column":15},"end":{"line":26,"column":null}},"12":{"start":{"line":27,"column":15},"end":{"line":27,"column":77}},"13":{"start":{"line":28,"column":19},"end":{"line":28,"column":null}},"14":{"start":{"line":29,"column":2},"end":{"line":34,"column":null}},"15":{"start":{"line":30,"column":14},"end":{"line":30,"column":43}},"16":{"start":{"line":31,"column":14},"end":{"line":31,"column":50}},"17":{"start":{"line":32,"column":4},"end":{"line":32,"column":null}},"18":{"start":{"line":34,"column":4},"end":{"line":34,"column":null}}},"fnMap":{"0":{"name":"verifySlackRequestSignature","decl":{"start":{"line":18,"column":16},"end":{"line":18,"column":44}},"loc":{"start":{"line":18,"column":79},"end":{"line":34,"column":null}},"line":18}},"branchMap":{"0":{"loc":{"start":{"line":19,"column":68},"end":{"line":19,"column":92}},"type":"default-arg","locations":[{"start":{"line":19,"column":81},"end":{"line":19,"column":92}}],"line":19},"1":{"loc":{"start":{"line":20,"column":2},"end":{"line":20,"column":null}},"type":"if","locations":[{"start":{"line":20,"column":2},"end":{"line":20,"column":null}},{"start":{},"end":{}}],"line":20},"2":{"loc":{"start":{"line":20,"column":6},"end":{"line":20,"column":44}},"type":"binary-expr","locations":[{"start":{"line":20,"column":6},"end":{"line":20,"column":26}},{"start":{"line":20,"column":26},"end":{"line":20,"column":44}}],"line":20},"3":{"loc":{"start":{"line":22,"column":2},"end":{"line":22,"column":null}},"type":"if","locations":[{"start":{"line":22,"column":2},"end":{"line":22,"column":null}},{"start":{},"end":{}}],"line":22},"4":{"loc":{"start":{"line":22,"column":6},"end":{"line":22,"column":38}},"type":"binary-expr","locations":[{"start":{"line":22,"column":6},"end":{"line":22,"column":26}},{"start":{"line":22,"column":30},"end":{"line":22,"column":38}}],"line":22},"5":{"loc":{"start":{"line":24,"column":2},"end":{"line":24,"column":null}},"type":"if","locations":[{"start":{"line":24,"column":2},"end":{"line":24,"column":null}},{"start":{},"end":{}}],"line":24},"6":{"loc":{"start":{"line":32,"column":11},"end":{"line":32,"column":57}},"type":"binary-expr","locations":[{"start":{"line":32,"column":11},"end":{"line":32,"column":36}},{"start":{"line":32,"column":36},"end":{"line":32,"column":57}}],"line":32}},"s":{"0":4,"1":4,"2":6,"3":6,"4":1,"5":5,"6":5,"7":0,"8":5,"9":5,"10":1,"11":4,"12":4,"13":4,"14":4,"15":4,"16":4,"17":4,"18":0},"f":{"0":6},"b":{"0":[6],"1":[1,5],"2":[6,5],"3":[0,5],"4":[5,5],"5":[1,4],"6":[4,3]},"meta":{"lastBranch":7,"lastFunction":1,"lastStatement":19,"seen":{"s:1:44:1:Infinity":0,"s:3:16:3:Infinity":1,"f:18:16:18:44":0,"s:19:92:19:Infinity":2,"b:19:81:19:92":0,"b:20:2:20:Infinity:undefined:undefined:undefined:undefined":1,"s:20:2:20:Infinity":3,"b:20:6:20:26:20:26:20:44":2,"s:20:44:20:Infinity":4,"s:21:13:21:36":5,"b:22:2:22:Infinity:undefined:undefined:undefined:undefined":3,"s:22:2:22:Infinity":6,"b:22:6:22:26:22:30:22:38":4,"s:22:38:22:Infinity":7,"s:23:17:23:46":8,"b:24:2:24:Infinity:undefined:undefined:undefined:undefined":5,"s:24:2:24:Infinity":9,"s:24:42:24:Infinity":10,"s:26:15:26:Infinity":11,"s:27:15:27:77":12,"s:28:19:28:Infinity":13,"s:29:2:34:Infinity":14,"s:30:14:30:43":15,"s:31:14:31:50":16,"s:32:4:32:Infinity":17,"b:32:11:32:36:32:36:32:57":6,"s:34:4:34:Infinity":18}}}
}
